<?xml version="1.0" encoding="UTF-8"?>
<!-- Generated by org.testng.reporters.JUnitXMLReporter -->
<testsuite ignored="0" hostname="DESKTOP-3V017FK" failures="1" tests="1" name="edgeTest3" time="0.061" errors="0" timestamp="2023-06-19T17:40:02 IST">
  <testcase classname="crossBrowser.demo" name="login1" time="0.0">
    <failure type="org.testng.TestNGException" message="
Parameter &amp;apos;browserdemo&amp;apos; is required by @Test on method login1 but has not been marked @Optional or defined
in C:\Users\HP\eclipse-workspace\feb18_2023_selenium\Demotestng.xml">
      <![CDATA[org.testng.TestNGException: 
Parameter 'browserdemo' is required by @Test on method login1 but has not been marked @Optional or defined
in C:\Users\HP\eclipse-workspace\feb18_2023_selenium\Demotestng.xml
at java.base/java.util.ArrayList.forEach(ArrayList.java:1511)
at java.base/java.util.concurrent.FutureTask.run(FutureTask.java:264)
at java.base/java.util.concurrent.ThreadPoolExecutor.runWorker(ThreadPoolExecutor.java:1136)
at java.base/java.util.concurrent.ThreadPoolExecutor$Worker.run(ThreadPoolExecutor.java:635)
at java.base/java.lang.Thread.run(Thread.java:833)
... Removed 16 stack frames]]>
    </failure>
  </testcase> <!-- login1 -->
</testsuite> <!-- edgeTest3 -->
